0 info it worked if it ends with ok
1 verbose cli [ 'node', '/usr/local/bin/npm', 'publish', '.' ]
2 info using npm@2.7.5
3 info using node@v0.12.2
4 verbose node symlink /usr/local/bin/node
5 verbose publish [ '.' ]
6 silly cache add args [ '.', null ]
7 verbose cache add spec .
8 silly cache add parsed spec { raw: '.',
8 silly cache add   scope: null,
8 silly cache add   name: null,
8 silly cache add   rawSpec: '.',
8 silly cache add   spec: '/Users/marc/work3/line-trace',
8 silly cache add   type: 'directory' }
9 verbose addLocalDirectory /Users/marc/.npm/line-trace/1.0.1/package.tgz not in flight; packing
10 verbose tar pack [ '/Users/marc/.npm/line-trace/1.0.1/package.tgz',
10 verbose tar pack   '/Users/marc/work3/line-trace' ]
11 verbose tarball /Users/marc/.npm/line-trace/1.0.1/package.tgz
12 verbose folder /Users/marc/work3/line-trace
13 info prepublish line-trace@1.0.1
14 verbose addLocalTarball adding from inside cache /Users/marc/.npm/line-trace/1.0.1/package.tgz
15 silly cache afterAdd line-trace@1.0.1
16 verbose afterAdd /Users/marc/.npm/line-trace/1.0.1/package/package.json not in flight; writing
17 verbose afterAdd /Users/marc/.npm/line-trace/1.0.1/package/package.json written
18 silly publish { name: 'line-trace',
18 silly publish   version: '1.0.1',
18 silly publish   description: 'Trace print with source filename, function and line numbers',
18 silly publish   main: 'index.js',
18 silly publish   scripts: { test: 'test "$(node test.js)" = \'[test.js:5 ?] res: {"x":2}\'' },
18 silly publish   repository:
18 silly publish    { type: 'git',
18 silly publish      url: 'https://github.com/mvertes/line-trace.git' },
18 silly publish   keywords: [ 'trace', 'line', 'function', 'source', 'debug' ],
18 silly publish   author: { name: 'Marc Vertes', email: 'mvertes@free.fr' },
18 silly publish   license: 'MIT',
18 silly publish   bugs: { url: 'https://github.com/mvertes/line-trace/issues' },
18 silly publish   homepage: 'https://github.com/mvertes/line-trace',
18 silly publish   readme: '# line-trace\n[![Build Status](https://travis-ci.org/mvertes/line-trace.svg?branch=master)](https://travis-ci.org/mvertes/line-trace)\n\nTrace print with source filename, function and line numbers.\n\n## Install\n```\n$ npm install line-trace\n```\n\n## Usage\n```js\nvar trace = require(\'line-trace\');\n\nfunction f(a) {\n  trace(a);\n}\n\nf(34);\ntrace([1, 2, "foo"]);\ntrace("%s %j", "label", {a:1, b:2});\n```\n\nwill generate:\n\n```\n[test.js:4 f] 34\n[test.js:8 ?] [1,2,"foo"]\n[test.js:9 ?] label {"a":1,"b":2}\n```\n\n## License\n[MIT license](./LICENSE).\n',
18 silly publish   readmeFilename: 'README.md',
18 silly publish   gitHead: '85193d60379bf2a8248ce3a2ac21c5d22edb5f9d',
18 silly publish   _id: 'line-trace@1.0.1',
18 silly publish   _shasum: '0e2dac4de46dc44df9720a053613ca8cf8a669b9',
18 silly publish   _from: '.' }
19 silly mapToRegistry name line-trace
20 silly mapToRegistry using default registry
21 silly mapToRegistry registry https://registry.npmjs.org/
22 silly mapToRegistry uri https://registry.npmjs.org/line-trace
23 verbose publish registryBase https://registry.npmjs.org/
24 silly publish uploading /Users/marc/.npm/line-trace/1.0.1/package.tgz
25 verbose request uri https://registry.npmjs.org/line-trace
26 verbose request sending authorization for write operation
27 info attempt registry request try #1 at 10:18:51
28 verbose request id bcce03cfde6e8451
29 http request PUT https://registry.npmjs.org/line-trace
30 http 403 https://registry.npmjs.org/line-trace
31 verbose headers { 'content-type': 'application/json',
31 verbose headers   'cache-control': 'max-age=60',
31 verbose headers   'content-length': '95',
31 verbose headers   'accept-ranges': 'bytes',
31 verbose headers   date: 'Thu, 30 Apr 2015 08:18:49 GMT',
31 verbose headers   via: '1.1 varnish',
31 verbose headers   connection: 'keep-alive',
31 verbose headers   'x-served-by': 'cache-lcy1126-LCY',
31 verbose headers   'x-cache': 'MISS',
31 verbose headers   'x-cache-hits': '0',
31 verbose headers   'x-timer': 'S1430381928.669326,VS0,VE1289' }
32 verbose request invalidating /Users/marc/.npm/registry.npmjs.org/line-trace on PUT
33 error publish Failed PUT 403
34 verbose stack Error: "You cannot publish over the previously published version 1.0.1." : line-trace
34 verbose stack     at CachingRegistryClient.<anonymous> (/usr/local/lib/node_modules/npm/node_modules/npm-registry-client/lib/request.js:247:14)
34 verbose stack     at Request._callback (/usr/local/lib/node_modules/npm/node_modules/npm-registry-client/lib/request.js:170:14)
34 verbose stack     at Request.self.callback (/usr/local/lib/node_modules/npm/node_modules/request/request.js:360:22)
34 verbose stack     at Request.emit (events.js:110:17)
34 verbose stack     at Request.<anonymous> (/usr/local/lib/node_modules/npm/node_modules/request/request.js:1202:14)
34 verbose stack     at Request.emit (events.js:129:20)
34 verbose stack     at IncomingMessage.<anonymous> (/usr/local/lib/node_modules/npm/node_modules/request/request.js:1150:12)
34 verbose stack     at IncomingMessage.emit (events.js:129:20)
34 verbose stack     at _stream_readable.js:908:16
34 verbose stack     at process._tickCallback (node.js:355:11)
35 verbose statusCode 403
36 verbose pkgid line-trace
37 verbose cwd /Users/marc/work3/line-trace
38 error Darwin 14.3.0
39 error argv "node" "/usr/local/bin/npm" "publish" "."
40 error node v0.12.2
41 error npm  v2.7.5
42 error code E403
43 error "You cannot publish over the previously published version 1.0.1." : line-trace
44 error If you need help, you may report this error at:
44 error     <https://github.com/npm/npm/issues>
45 verbose exit [ 1, true ]
